<?xml version="1.0" encoding="UTF-8"?>
<DssDocument>
<Associations>
<asso><metric>Tag</metric><graph>Blue to Red</graph></asso>
<asso><metric>Local G Count</metric><graph>Twist</graph></asso>
<asso><metric>NVS</metric><graph>height</graph></asso>
<asso><metric>NVS</metric><graph>sort</graph></asso>
</Associations>
<ObjRelStructure><ObjectProperties><Prop><PropName>NVS</PropName><ProType>double</ProType><ProComments>None</ProComments><PropMin>0.0</PropMin><PropMax>128.0</PropMax></Prop>
<Prop><PropName>Local G Count</PropName><ProType>integer</ProType><ProComments>None</ProComments><PropMin>0.0</PropMin><PropMax>40.0</PropMax></Prop>
<Prop><PropName>NVI</PropName><ProType>double</ProType><ProComments>None</ProComments><PropMin>0.0</PropMin><PropMax>3.2</PropMax></Prop>
<Prop><PropName>Tag</PropName><ProType>integer</ProType><ProComments></ProComments><PropMin>0</PropMin><PropMax>4</PropMax></Prop>
</ObjectProperties>
<RelationProperties />
</ObjRelStructure>
<Objects>
<Object><Name>object_p.assert_p.testdecorator_p.RepeatedTest</Name><Type>Class</Type><ImplementedInterfaces></ImplementedInterfaces><Parents><Parent>object_p.assert_p.testdecorator_p.TestDecorator</Parent></Parents><Children></Children><UmlTargets></UmlTargets><ObjectProperties><Prop><PropName>NVI</PropName><ProValue>0.6</ProValue></Prop><Prop><PropName>NVS</PropName><ProValue>1.8000001</ProValue></Prop><Prop><PropName>Local G Count</PropName><ProValue>3</ProValue></Prop><Prop><PropName>DIT</PropName><ProValue>3</ProValue></Prop><Prop><PropName>Tag</PropName><ProValue>0</ProValue></Prop></ObjectProperties></Object>
<Object><Name>object_p.AllTests</Name><Type>Class</Type><ImplementedInterfaces></ImplementedInterfaces><Parents><Parent>Object</Parent></Parents><Children></Children><UmlTargets></UmlTargets><ObjectProperties><Prop><PropName>NVI</PropName><ProValue>0.0</ProValue></Prop><Prop><PropName>NVS</PropName><ProValue>0.0</ProValue></Prop><Prop><PropName>Local G Count</PropName><ProValue>0</ProValue></Prop><Prop><PropName>DIT</PropName><ProValue>1</ProValue></Prop><Prop><PropName>Tag</PropName><ProValue>2</ProValue></Prop></ObjectProperties></Object>
<Object><Name>object_p.assert_p.testcase_p.TestListenerTest</Name><Type>Class</Type><ImplementedInterfaces><Interface>TestListener</Interface></ImplementedInterfaces><Parents><Parent>object_p.assert_p.testcase_p.TestCase</Parent></Parents><Children></Children><UmlTargets></UmlTargets><ObjectProperties><Prop><PropName>NVI</PropName><ProValue>1.0909091</ProValue></Prop><Prop><PropName>NVS</PropName><ProValue>8.727273</ProValue></Prop><Prop><PropName>Local G Count</PropName><ProValue>8</ProValue></Prop><Prop><PropName>DIT</PropName><ProValue>3</ProValue></Prop><Prop><PropName>Tag</PropName><ProValue>3</ProValue></Prop></ObjectProperties></Object>
<Object><Name>object_p.TestFailure</Name><Type>Class</Type><ImplementedInterfaces></ImplementedInterfaces><Parents><Parent>Object</Parent></Parents><Children></Children><UmlTargets></UmlTargets><ObjectProperties><Prop><PropName>NVI</PropName><ProValue>0.27272728</ProValue></Prop><Prop><PropName>NVS</PropName><ProValue>0.8181819</ProValue></Prop><Prop><PropName>Local G Count</PropName><ProValue>3</ProValue></Prop><Prop><PropName>DIT</PropName><ProValue>1</ProValue></Prop><Prop><PropName>Tag</PropName><ProValue>3</ProValue></Prop></ObjectProperties></Object>
<Object><Name>object_p.assert_p.testcase_p.exceptiontestcase_p.ExceptionTestCase</Name><Type>Class</Type><ImplementedInterfaces></ImplementedInterfaces><Parents><Parent>object_p.assert_p.testcase_p.TestCase</Parent></Parents><Children><Child>object_p.assert_p.testcase_p.exceptiontestcase_p.ExceptionTestCaseTest$ThrowNoExceptionTestCase</Child><Child>object_p.assert_p.testcase_p.exceptiontestcase_p.ExceptionTestCaseTest$ThrowRuntimeExceptionTestCase</Child><Child>object_p.assert_p.testcase_p.exceptiontestcase_p.ExceptionTestCaseTest$ThrowExceptionTestCase</Child></Children><UmlTargets></UmlTargets><ObjectProperties><Prop><PropName>NVI</PropName><ProValue>0.13636364</ProValue></Prop><Prop><PropName>NVS</PropName><ProValue>0.13636364</ProValue></Prop><Prop><PropName>Local G Count</PropName><ProValue>1</ProValue></Prop><Prop><PropName>DIT</PropName><ProValue>3</ProValue></Prop><Prop><PropName>Tag</PropName><ProValue>0</ProValue></Prop></ObjectProperties></Object>
<Object><Name>object_p.assert_p.testcase_p.SuiteTest</Name><Type>Class</Type><ImplementedInterfaces></ImplementedInterfaces><Parents><Parent>object_p.assert_p.testcase_p.TestCase</Parent></Parents><Children></Children><UmlTargets></UmlTargets><ObjectProperties><Prop><PropName>NVI</PropName><ProValue>1.3636364</ProValue></Prop><Prop><PropName>NVS</PropName><ProValue>13.636364</ProValue></Prop><Prop><PropName>Local G Count</PropName><ProValue>10</ProValue></Prop><Prop><PropName>DIT</PropName><ProValue>3</ProValue></Prop><Prop><PropName>Tag</PropName><ProValue>3</ProValue></Prop></ObjectProperties></Object>
<Object><Name>object_p.classpathtestcollector_p.ClassPathTestCollector</Name><Type>Class</Type><ImplementedInterfaces><Interface>TestCollector</Interface></ImplementedInterfaces><Parents><Parent>Object</Parent></Parents><Children><Child>object_p.classpathtestcollector_p.LoadingTestCollector</Child><Child>object_p.classpathtestcollector_p.SimpleTestCollector</Child></Children><UmlTargets></UmlTargets><ObjectProperties><Prop><PropName>NVI</PropName><ProValue>0.54545456</ProValue></Prop><Prop><PropName>NVS</PropName><ProValue>3.2727275</ProValue></Prop><Prop><PropName>Local G Count</PropName><ProValue>6</ProValue></Prop><Prop><PropName>DIT</PropName><ProValue>1</ProValue></Prop><Prop><PropName>Tag</PropName><ProValue>4</ProValue></Prop></ObjectProperties></Object>
<Object><Name>object_p.FailureRunView</Name><Type>Class</Type><ImplementedInterfaces><Interface>TestRunView</Interface></ImplementedInterfaces><Parents><Parent>Object</Parent></Parents><Children></Children><UmlTargets></UmlTargets><ObjectProperties><Prop><PropName>NVI</PropName><ProValue>0.6363636</ProValue></Prop><Prop><PropName>NVS</PropName><ProValue>4.4545455</ProValue></Prop><Prop><PropName>Local G Count</PropName><ProValue>7</ProValue></Prop><Prop><PropName>DIT</PropName><ProValue>1</ProValue></Prop><Prop><PropName>Tag</PropName><ProValue>4</ProValue></Prop></ObjectProperties></Object>
<Object><Name>object_p.Sorter</Name><Type>Class</Type><ImplementedInterfaces></ImplementedInterfaces><Parents><Parent>Object</Parent></Parents><Children></Children><UmlTargets></UmlTargets><ObjectProperties><Prop><PropName>NVI</PropName><ProValue>0.0</ProValue></Prop><Prop><PropName>NVS</PropName><ProValue>0.0</ProValue></Prop><Prop><PropName>Local G Count</PropName><ProValue>0</ProValue></Prop><Prop><PropName>DIT</PropName><ProValue>1</ProValue></Prop><Prop><PropName>Tag</PropName><ProValue>2</ProValue></Prop></ObjectProperties></Object>
<Object><Name>object_p.assert_p.testcase_p.TestCaseTest</Name><Type>Class</Type><ImplementedInterfaces></ImplementedInterfaces><Parents><Parent>object_p.assert_p.testcase_p.TestCase</Parent></Parents><Children></Children><UmlTargets></UmlTargets><ObjectProperties><Prop><PropName>NVI</PropName><ProValue>1.7727273</ProValue></Prop><Prop><PropName>NVS</PropName><ProValue>23.045454</ProValue></Prop><Prop><PropName>Local G Count</PropName><ProValue>13</ProValue></Prop><Prop><PropName>DIT</PropName><ProValue>3</ProValue></Prop><Prop><PropName>Tag</PropName><ProValue>4</ProValue></Prop></ObjectProperties></Object>
<Object><Name>object_p.assert_p.testcase_p.AssertTest</Name><Type>Class</Type><ImplementedInterfaces></ImplementedInterfaces><Parents><Parent>object_p.assert_p.testcase_p.TestCase</Parent></Parents><Children></Children><UmlTargets></UmlTargets><ObjectProperties><Prop><PropName>NVI</PropName><ProValue>2.1818182</ProValue></Prop><Prop><PropName>NVS</PropName><ProValue>34.909092</ProValue></Prop><Prop><PropName>Local G Count</PropName><ProValue>16</ProValue></Prop><Prop><PropName>DIT</PropName><ProValue>3</ProValue></Prop><Prop><PropName>Tag</PropName><ProValue>4</ProValue></Prop></ObjectProperties></Object>
<Object><Name>object_p.assert_p.testcase_p.TestCase</Name><Type>Class</Type><ImplementedInterfaces><Interface>Test</Interface></ImplementedInterfaces><Parents><Parent>object_p.assert_p.Assert</Parent></Parents><Children><Child>object_p.assert_p.testcase_p.exceptiontestcase_p.ExceptionTestCase</Child><Child>object_p.assert_p.testcase_p.testcasetest$torndown_p.TestCaseTest$TornDown</Child><Child>object_p.assert_p.testcase_p.onetestcase_p.OneTestCase</Child><Child>object_p.assert_p.testcase_p.TestCaseTest$6</Child><Child>object_p.assert_p.testcase_p.NoTestCases</Child><Child>object_p.assert_p.testcase_p.TestCaseTest$3</Child><Child>object_p.assert_p.testcase_p.ActiveTestTest$SuccessTest</Child><Child>object_p.assert_p.testcase_p.Success</Child><Child>object_p.assert_p.testcase_p.TestListenerTest$2</Child><Child>object_p.assert_p.testcase_p.TextRunnerTest</Child><Child>object_p.assert_p.testcase_p.TestListenerTest$1</Child><Child>object_p.assert_p.testcase_p.ExtensionTest</Child><Child>object_p.assert_p.testcase_p.TestImplementorTest</Child><Child>object_p.assert_p.testcase_p.ExceptionTestCaseTest</Child><Child>object_p.assert_p.testcase_p.VectorTest</Child><Child>object_p.assert_p.testcase_p.MoneyTest</Child><Child>object_p.assert_p.testcase_p.TestCaseTest</Child><Child>object_p.assert_p.testcase_p.Failure</Child><Child>object_p.assert_p.testcase_p.ExtensionTest$1</Child><Child>object_p.assert_p.testcase_p.SuiteTest</Child><Child>object_p.assert_p.testcase_p.NotPublicTestCase</Child><Child>object_p.assert_p.testcase_p.TestImplementorTest$2</Child><Child>object_p.assert_p.testcase_p.ActiveTestTest</Child><Child>object_p.assert_p.testcase_p.TestListenerTest</Child><Child>object_p.assert_p.testcase_p.ExtensionTest$3</Child><Child>object_p.assert_p.testcase_p.TestSuite$1</Child><Child>object_p.assert_p.testcase_p.NotVoidTestCase</Child><Child>object_p.assert_p.testcase_p.RepeatedTestTest</Child><Child>object_p.assert_p.testcase_p.StackFilterTest</Child><Child>object_p.assert_p.testcase_p.TestCaseClassLoaderTest</Child><Child>object_p.assert_p.testcase_p.TestCaseTest$5</Child><Child>object_p.assert_p.testcase_p.SimpleTest</Child><Child>object_p.assert_p.testcase_p.TestListenerTest$3</Child><Child>object_p.assert_p.testcase_p.WasRun</Child><Child>object_p.assert_p.testcase_p.SorterTest</Child><Child>object_p.assert_p.testcase_p.TestCaseTest$1</Child><Child>object_p.assert_p.testcase_p.FailureRunView$1</Child><Child>object_p.assert_p.testcase_p.TestCaseTest$4</Child><Child>object_p.assert_p.testcase_p.ExtensionTest$2</Child><Child>object_p.assert_p.testcase_p.RepeatedTestTest$SuccessTest</Child><Child>object_p.assert_p.testcase_p.AssertTest</Child></Children><UmlTargets></UmlTargets><ObjectProperties><Prop><PropName>NVI</PropName><ProValue>2.1818182</ProValue></Prop><Prop><PropName>NVS</PropName><ProValue>26.18182</ProValue></Prop><Prop><PropName>Local G Count</PropName><ProValue>12</ProValue></Prop><Prop><PropName>DIT</PropName><ProValue>2</ProValue></Prop><Prop><PropName>Tag</PropName><ProValue>3</ProValue></Prop></ObjectProperties></Object>
<Object><Name>object_p.assert_p.testcase_p.NoTestCases</Name><Type>Class</Type><ImplementedInterfaces></ImplementedInterfaces><Parents><Parent>object_p.assert_p.testcase_p.TestCase</Parent></Parents><Children></Children><UmlTargets></UmlTargets><ObjectProperties><Prop><PropName>NVI</PropName><ProValue>0.13636364</ProValue></Prop><Prop><PropName>NVS</PropName><ProValue>0.13636364</ProValue></Prop><Prop><PropName>Local G Count</PropName><ProValue>1</ProValue></Prop><Prop><PropName>DIT</PropName><ProValue>3</ProValue></Prop><Prop><PropName>Tag</PropName><ProValue>4</ProValue></Prop></ObjectProperties></Object>
<Object><Name>object_p.component_p.container_p.jcomponent_p.jlabel_p.defaultlistcellrenderer_p.FailureRunView$FailureListCellRenderer</Name><Type>Class</Type><ImplementedInterfaces></ImplementedInterfaces><Parents><Parent>object_p.component_p.container_p.jcomponent_p.jlabel_p.defaultlistcellrenderer_p.DefaultListCellRenderer</Parent></Parents><Children></Children><UmlTargets></UmlTargets><ObjectProperties><Prop><PropName>NVI</PropName><ProValue>0.024948025</ProValue></Prop><Prop><PropName>NVS</PropName><ProValue>0.04989605</ProValue></Prop><Prop><PropName>Local G Count</PropName><ProValue>2</ProValue></Prop><Prop><PropName>DIT</PropName><ProValue>6</ProValue></Prop><Prop><PropName>Tag</PropName><ProValue>1</ProValue></Prop></ObjectProperties></Object>
<Object><Name>object_p.Version</Name><Type>Class</Type><ImplementedInterfaces></ImplementedInterfaces><Parents><Parent>Object</Parent></Parents><Children></Children><UmlTargets></UmlTargets><ObjectProperties><Prop><PropName>NVI</PropName><ProValue>0.0</ProValue></Prop><Prop><PropName>NVS</PropName><ProValue>0.0</ProValue></Prop><Prop><PropName>Local G Count</PropName><ProValue>0</ProValue></Prop><Prop><PropName>DIT</PropName><ProValue>1</ProValue></Prop><Prop><PropName>Tag</PropName><ProValue>2</ProValue></Prop></ObjectProperties></Object>
<Object><Name>object_p.assert_p.testcase_p.onetestcase_p.OverrideTestCase</Name><Type>Class</Type><ImplementedInterfaces></ImplementedInterfaces><Parents><Parent>object_p.assert_p.testcase_p.onetestcase_p.OneTestCase</Parent></Parents><Children></Children><UmlTargets></UmlTargets><ObjectProperties><Prop><PropName>NVI</PropName><ProValue>0.16</ProValue></Prop><Prop><PropName>NVS</PropName><ProValue>0.16</ProValue></Prop><Prop><PropName>Local G Count</PropName><ProValue>1</ProValue></Prop><Prop><PropName>DIT</PropName><ProValue>4</ProValue></Prop><Prop><PropName>Tag</PropName><ProValue>0</ProValue></Prop></ObjectProperties></Object>
<Object><Name>object_p.assert_p.testcase_p.exceptiontestcase_p.ExceptionTestCaseTest$ThrowRuntimeExceptionTestCase</Name><Type>Class</Type><ImplementedInterfaces></ImplementedInterfaces><Parents><Parent>object_p.assert_p.testcase_p.exceptiontestcase_p.ExceptionTestCase</Parent></Parents><Children></Children><UmlTargets></UmlTargets><ObjectProperties><Prop><PropName>NVI</PropName><ProValue>0.18181819</ProValue></Prop><Prop><PropName>NVS</PropName><ProValue>0.18181819</ProValue></Prop><Prop><PropName>Local G Count</PropName><ProValue>1</ProValue></Prop><Prop><PropName>DIT</PropName><ProValue>4</ProValue></Prop><Prop><PropName>Tag</PropName><ProValue>4</ProValue></Prop></ObjectProperties></Object>
<Object><Name>object_p.NoTestCaseClass</Name><Type>Class</Type><ImplementedInterfaces></ImplementedInterfaces><Parents><Parent>Object</Parent></Parents><Children></Children><UmlTargets></UmlTargets><ObjectProperties><Prop><PropName>NVI</PropName><ProValue>0.09090909</ProValue></Prop><Prop><PropName>NVS</PropName><ProValue>0.09090909</ProValue></Prop><Prop><PropName>Local G Count</PropName><ProValue>1</ProValue></Prop><Prop><PropName>DIT</PropName><ProValue>1</ProValue></Prop><Prop><PropName>Tag</PropName><ProValue>4</ProValue></Prop></ObjectProperties></Object>
<Object><Name>object_p.assert_p.testcase_p.RepeatedTestTest$SuccessTest</Name><Type>Class</Type><ImplementedInterfaces></ImplementedInterfaces><Parents><Parent>object_p.assert_p.testcase_p.TestCase</Parent></Parents><Children></Children><UmlTargets></UmlTargets><ObjectProperties><Prop><PropName>NVI</PropName><ProValue>0.13636364</ProValue></Prop><Prop><PropName>NVS</PropName><ProValue>0.13636364</ProValue></Prop><Prop><PropName>Local G Count</PropName><ProValue>1</ProValue></Prop><Prop><PropName>DIT</PropName><ProValue>3</ProValue></Prop><Prop><PropName>Tag</PropName><ProValue>4</ProValue></Prop></ObjectProperties></Object>
<Object><Name>object_p.assert_p.testcase_p.TestImplementorTest</Name><Type>Class</Type><ImplementedInterfaces></ImplementedInterfaces><Parents><Parent>object_p.assert_p.testcase_p.TestCase</Parent></Parents><Children></Children><UmlTargets></UmlTargets><ObjectProperties><Prop><PropName>NVI</PropName><ProValue>0.13636364</ProValue></Prop><Prop><PropName>NVS</PropName><ProValue>0.13636364</ProValue></Prop><Prop><PropName>Local G Count</PropName><ProValue>1</ProValue></Prop><Prop><PropName>DIT</PropName><ProValue>3</ProValue></Prop><Prop><PropName>Tag</PropName><ProValue>4</ProValue></Prop></ObjectProperties></Object>
<Object><Name>object_p.TestTreeModel</Name><Type>Class</Type><ImplementedInterfaces><Interface>TreeModel</Interface></ImplementedInterfaces><Parents><Parent>Object</Parent></Parents><Children></Children><UmlTargets></UmlTargets><ObjectProperties><Prop><PropName>NVI</PropName><ProValue>1.6363636</ProValue></Prop><Prop><PropName>NVS</PropName><ProValue>29.454546</ProValue></Prop><Prop><PropName>Local G Count</PropName><ProValue>18</ProValue></Prop><Prop><PropName>DIT</PropName><ProValue>1</ProValue></Prop><Prop><PropName>Tag</PropName><ProValue>4</ProValue></Prop></ObjectProperties></Object>
<Object><Name>object_p.assert_p.testcase_p.SorterTest</Name><Type>Class</Type><ImplementedInterfaces></ImplementedInterfaces><Parents><Parent>object_p.assert_p.testcase_p.TestCase</Parent></Parents><Children></Children><UmlTargets></UmlTargets><ObjectProperties><Prop><PropName>NVI</PropName><ProValue>0.13636364</ProValue></Prop><Prop><PropName>NVS</PropName><ProValue>0.13636364</ProValue></Prop><Prop><PropName>Local G Count</PropName><ProValue>1</ProValue></Prop><Prop><PropName>DIT</PropName><ProValue>3</ProValue></Prop><Prop><PropName>Tag</PropName><ProValue>4</ProValue></Prop></ObjectProperties></Object>
<Object><Name>object_p.component_p.canvas_p.ProgressBar</Name><Type>Class</Type><ImplementedInterfaces></ImplementedInterfaces><Parents><Parent>object_p.component_p.canvas_p.Canvas</Parent></Parents><Children></Children><UmlTargets></UmlTargets><ObjectProperties><Prop><PropName>NVI</PropName><ProValue>0.082474224</ProValue></Prop><Prop><PropName>NVS</PropName><ProValue>0.6597938</ProValue></Prop><Prop><PropName>Local G Count</PropName><ProValue>8</ProValue></Prop><Prop><PropName>DIT</PropName><ProValue>3</ProValue></Prop><Prop><PropName>Tag</PropName><ProValue>3</ProValue></Prop></ObjectProperties></Object>
<Object><Name>object_p.basetestrunner_p.TestRunner</Name><Type>Class</Type><ImplementedInterfaces></ImplementedInterfaces><Parents><Parent>object_p.basetestrunner_p.BaseTestRunner</Parent></Parents><Children></Children><UmlTargets></UmlTargets><ObjectProperties><Prop><PropName>NVI</PropName><ProValue>1.2</ProValue></Prop><Prop><PropName>NVS</PropName><ProValue>18.0</ProValue></Prop><Prop><PropName>Local G Count</PropName><ProValue>15</ProValue></Prop><Prop><PropName>DIT</PropName><ProValue>2</ProValue></Prop><Prop><PropName>Tag</PropName><ProValue>3</ProValue></Prop></ObjectProperties></Object>
<Object><Name>object_p.testsuite_p.TestSuite</Name><Type>Class</Type><ImplementedInterfaces><Interface>Test</Interface></ImplementedInterfaces><Parents><Parent>Object</Parent></Parents><Children><Child>object_p.testsuite_p.ActiveTestSuite</Child></Children><UmlTargets></UmlTargets><ObjectProperties><Prop><PropName>NVI</PropName><ProValue>1.0</ProValue></Prop><Prop><PropName>NVS</PropName><ProValue>11.0</ProValue></Prop><Prop><PropName>Local G Count</PropName><ProValue>11</ProValue></Prop><Prop><PropName>DIT</PropName><ProValue>1</ProValue></Prop><Prop><PropName>Tag</PropName><ProValue>3</ProValue></Prop></ObjectProperties></Object>
<Object><Name>object_p.assert_p.testcase_p.Success</Name><Type>Class</Type><ImplementedInterfaces></ImplementedInterfaces><Parents><Parent>object_p.assert_p.testcase_p.TestCase</Parent></Parents><Children></Children><UmlTargets></UmlTargets><ObjectProperties><Prop><PropName>NVI</PropName><ProValue>0.13636364</ProValue></Prop><Prop><PropName>NVS</PropName><ProValue>0.13636364</ProValue></Prop><Prop><PropName>Local G Count</PropName><ProValue>1</ProValue></Prop><Prop><PropName>DIT</PropName><ProValue>3</ProValue></Prop><Prop><PropName>Tag</PropName><ProValue>4</ProValue></Prop></ObjectProperties></Object>
<Object><Name>object_p.component_p.container_p.panel_p.CounterPanel</Name><Type>Class</Type><ImplementedInterfaces></ImplementedInterfaces><Parents><Parent>object_p.component_p.container_p.panel_p.Panel</Parent></Parents><Children></Children><UmlTargets></UmlTargets><ObjectProperties><Prop><PropName>NVI</PropName><ProValue>0.057142857</ProValue></Prop><Prop><PropName>NVS</PropName><ProValue>0.2857143</ProValue></Prop><Prop><PropName>Local G Count</PropName><ProValue>5</ProValue></Prop><Prop><PropName>DIT</PropName><ProValue>4</ProValue></Prop><Prop><PropName>Tag</PropName><ProValue>4</ProValue></Prop></ObjectProperties></Object>
<Object><Name>object_p.testsuite_p.ActiveTestSuite</Name><Type>Class</Type><ImplementedInterfaces></ImplementedInterfaces><Parents><Parent>object_p.testsuite_p.TestSuite</Parent></Parents><Children></Children><UmlTargets></UmlTargets><ObjectProperties><Prop><PropName>NVI</PropName><ProValue>0.3809524</ProValue></Prop><Prop><PropName>NVS</PropName><ProValue>1.5238096</ProValue></Prop><Prop><PropName>Local G Count</PropName><ProValue>4</ProValue></Prop><Prop><PropName>DIT</PropName><ProValue>2</ProValue></Prop><Prop><PropName>Tag</PropName><ProValue>1</ProValue></Prop></ObjectProperties></Object>
<Object><Name>object_p.component_p.container_p.window_p.dialog_p.jdialog_p.AboutDialog</Name><Type>Class</Type><ImplementedInterfaces></ImplementedInterfaces><Parents><Parent>object_p.component_p.container_p.window_p.dialog_p.jdialog_p.JDialog</Parent></Parents><Children></Children><UmlTargets></UmlTargets><ObjectProperties><Prop><PropName>NVI</PropName><ProValue>0.013544017</ProValue></Prop><Prop><PropName>NVS</PropName><ProValue>0.013544017</ProValue></Prop><Prop><PropName>Local G Count</PropName><ProValue>1</ProValue></Prop><Prop><PropName>DIT</PropName><ProValue>6</ProValue></Prop><Prop><PropName>Tag</PropName><ProValue>4</ProValue></Prop></ObjectProperties></Object>
<Object><Name>object_p.assert_p.testcase_p.ActiveTestTest$SuccessTest</Name><Type>Class</Type><ImplementedInterfaces></ImplementedInterfaces><Parents><Parent>object_p.assert_p.testcase_p.TestCase</Parent></Parents><Children></Children><UmlTargets></UmlTargets><ObjectProperties><Prop><PropName>NVI</PropName><ProValue>0.13636364</ProValue></Prop><Prop><PropName>NVS</PropName><ProValue>0.13636364</ProValue></Prop><Prop><PropName>Local G Count</PropName><ProValue>1</ProValue></Prop><Prop><PropName>DIT</PropName><ProValue>3</ProValue></Prop><Prop><PropName>Tag</PropName><ProValue>4</ProValue></Prop></ObjectProperties></Object>
<Object><Name>object_p.mouseadapter_p.TestSelector$DoubleClickListener</Name><Type>Class</Type><ImplementedInterfaces></ImplementedInterfaces><Parents><Parent>object_p.mouseadapter_p.MouseAdapter</Parent></Parents><Children></Children><UmlTargets></UmlTargets><ObjectProperties><Prop><PropName>NVI</PropName><ProValue>0.10526316</ProValue></Prop><Prop><PropName>NVS</PropName><ProValue>0.10526316</ProValue></Prop><Prop><PropName>Local G Count</PropName><ProValue>1</ProValue></Prop><Prop><PropName>DIT</PropName><ProValue>2</ProValue></Prop><Prop><PropName>Tag</PropName><ProValue>0</ProValue></Prop></ObjectProperties></Object>
<Object><Name>object_p.assert_p.LoadedFromJar</Name><Type>Class</Type><ImplementedInterfaces></ImplementedInterfaces><Parents><Parent>object_p.assert_p.Assert</Parent></Parents><Children></Children><UmlTargets></UmlTargets><ObjectProperties><Prop><PropName>NVI</PropName><ProValue>0.18181819</ProValue></Prop><Prop><PropName>NVS</PropName><ProValue>0.18181819</ProValue></Prop><Prop><PropName>Local G Count</PropName><ProValue>1</ProValue></Prop><Prop><PropName>DIT</PropName><ProValue>2</ProValue></Prop><Prop><PropName>Tag</PropName><ProValue>4</ProValue></Prop></ObjectProperties></Object>
<Object><Name>object_p.basetestrunner_p.TestRunner_1</Name><Type>Class</Type><ImplementedInterfaces><Interface>TestRunContext</Interface></ImplementedInterfaces><Parents><Parent>object_p.basetestrunner_p.BaseTestRunner</Parent></Parents><Children></Children><UmlTargets></UmlTargets><ObjectProperties><Prop><PropName>NVI</PropName><ProValue>3.2</ProValue></Prop><Prop><PropName>NVS</PropName><ProValue>128.0</ProValue></Prop><Prop><PropName>Local G Count</PropName><ProValue>40</ProValue></Prop><Prop><PropName>DIT</PropName><ProValue>2</ProValue></Prop><Prop><PropName>Tag</PropName><ProValue>3</ProValue></Prop></ObjectProperties></Object>
<Object><Name>object_p.Money</Name><Type>Class</Type><ImplementedInterfaces><Interface>IMoney</Interface></ImplementedInterfaces><Parents><Parent>Object</Parent></Parents><Children></Children><UmlTargets></UmlTargets><ObjectProperties><Prop><PropName>NVI</PropName><ProValue>1.0909091</ProValue></Prop><Prop><PropName>NVS</PropName><ProValue>13.09091</ProValue></Prop><Prop><PropName>Local G Count</PropName><ProValue>12</ProValue></Prop><Prop><PropName>DIT</PropName><ProValue>1</ProValue></Prop><Prop><PropName>Tag</PropName><ProValue>3</ProValue></Prop></ObjectProperties></Object>
<Object><Name>object_p.assert_p.testcase_p.onetestcase_p.OneTestCase</Name><Type>Class</Type><ImplementedInterfaces></ImplementedInterfaces><Parents><Parent>object_p.assert_p.testcase_p.TestCase</Parent></Parents><Children><Child>object_p.assert_p.testcase_p.onetestcase_p.OverrideTestCase</Child><Child>object_p.assert_p.testcase_p.onetestcase_p.InheritedTestCase</Child></Children><UmlTargets></UmlTargets><ObjectProperties><Prop><PropName>NVI</PropName><ProValue>0.4090909</ProValue></Prop><Prop><PropName>NVS</PropName><ProValue>1.2272727</ProValue></Prop><Prop><PropName>Local G Count</PropName><ProValue>3</ProValue></Prop><Prop><PropName>DIT</PropName><ProValue>3</ProValue></Prop><Prop><PropName>Tag</PropName><ProValue>4</ProValue></Prop></ObjectProperties></Object>
<Object><Name>object_p.assert_p.testcase_p.ActiveTestTest</Name><Type>Class</Type><ImplementedInterfaces></ImplementedInterfaces><Parents><Parent>object_p.assert_p.testcase_p.TestCase</Parent></Parents><Children></Children><UmlTargets></UmlTargets><ObjectProperties><Prop><PropName>NVI</PropName><ProValue>0.6818182</ProValue></Prop><Prop><PropName>NVS</PropName><ProValue>3.409091</ProValue></Prop><Prop><PropName>Local G Count</PropName><ProValue>5</ProValue></Prop><Prop><PropName>DIT</PropName><ProValue>3</ProValue></Prop><Prop><PropName>Tag</PropName><ProValue>4</ProValue></Prop></ObjectProperties></Object>
<Object><Name>object_p.component_p.container_p.window_p.dialog_p.jdialog_p.TestSelector</Name><Type>Class</Type><ImplementedInterfaces></ImplementedInterfaces><Parents><Parent>object_p.component_p.container_p.window_p.dialog_p.jdialog_p.JDialog</Parent></Parents><Children></Children><UmlTargets></UmlTargets><ObjectProperties><Prop><PropName>NVI</PropName><ProValue>0.067720085</ProValue></Prop><Prop><PropName>NVS</PropName><ProValue>0.33860043</ProValue></Prop><Prop><PropName>Local G Count</PropName><ProValue>5</ProValue></Prop><Prop><PropName>DIT</PropName><ProValue>6</ProValue></Prop><Prop><PropName>Tag</PropName><ProValue>4</ProValue></Prop></ObjectProperties></Object>
<Object><Name>object_p.component_p.canvas_p.Logo</Name><Type>Class</Type><ImplementedInterfaces></ImplementedInterfaces><Parents><Parent>object_p.component_p.canvas_p.Canvas</Parent></Parents><Children></Children><UmlTargets></UmlTargets><ObjectProperties><Prop><PropName>NVI</PropName><ProValue>0.030927835</ProValue></Prop><Prop><PropName>NVS</PropName><ProValue>0.0927835</ProValue></Prop><Prop><PropName>Local G Count</PropName><ProValue>3</ProValue></Prop><Prop><PropName>DIT</PropName><ProValue>3</ProValue></Prop><Prop><PropName>Tag</PropName><ProValue>3</ProValue></Prop></ObjectProperties></Object>
<Object><Name>object_p.assert_p.testcase_p.RepeatedTestTest</Name><Type>Class</Type><ImplementedInterfaces></ImplementedInterfaces><Parents><Parent>object_p.assert_p.testcase_p.TestCase</Parent></Parents><Children></Children><UmlTargets></UmlTargets><ObjectProperties><Prop><PropName>NVI</PropName><ProValue>0.54545456</ProValue></Prop><Prop><PropName>NVS</PropName><ProValue>2.1818182</ProValue></Prop><Prop><PropName>Local G Count</PropName><ProValue>4</ProValue></Prop><Prop><PropName>DIT</PropName><ProValue>3</ProValue></Prop><Prop><PropName>Tag</PropName><ProValue>4</ProValue></Prop></ObjectProperties></Object>
<Object><Name>object_p.assert_p.testcase_p.NotVoidTestCase</Name><Type>Class</Type><ImplementedInterfaces></ImplementedInterfaces><Parents><Parent>object_p.assert_p.testcase_p.TestCase</Parent></Parents><Children></Children><UmlTargets></UmlTargets><ObjectProperties><Prop><PropName>NVI</PropName><ProValue>0.27272728</ProValue></Prop><Prop><PropName>NVS</PropName><ProValue>0.54545456</ProValue></Prop><Prop><PropName>Local G Count</PropName><ProValue>2</ProValue></Prop><Prop><PropName>DIT</PropName><ProValue>3</ProValue></Prop><Prop><PropName>Tag</PropName><ProValue>4</ProValue></Prop></ObjectProperties></Object>
<Object><Name>object_p.classpathtestcollector_p.LoadingTestCollector</Name><Type>Class</Type><ImplementedInterfaces></ImplementedInterfaces><Parents><Parent>object_p.classpathtestcollector_p.ClassPathTestCollector</Parent></Parents><Children></Children><UmlTargets></UmlTargets><ObjectProperties><Prop><PropName>NVI</PropName><ProValue>0.5882353</ProValue></Prop><Prop><PropName>NVS</PropName><ProValue>2.9411767</ProValue></Prop><Prop><PropName>Local G Count</PropName><ProValue>5</ProValue></Prop><Prop><PropName>DIT</PropName><ProValue>2</ProValue></Prop><Prop><PropName>Tag</PropName><ProValue>3</ProValue></Prop></ObjectProperties></Object>
<Object><Name>object_p.SorterTest$Swapper</Name><Type>Class</Type><ImplementedInterfaces><Interface>Sorter$Swapper</Interface></ImplementedInterfaces><Parents><Parent>Object</Parent></Parents><Children></Children><UmlTargets></UmlTargets><ObjectProperties><Prop><PropName>NVI</PropName><ProValue>0.09090909</ProValue></Prop><Prop><PropName>NVS</PropName><ProValue>0.09090909</ProValue></Prop><Prop><PropName>Local G Count</PropName><ProValue>1</ProValue></Prop><Prop><PropName>DIT</PropName><ProValue>1</ProValue></Prop><Prop><PropName>Tag</PropName><ProValue>4</ProValue></Prop></ObjectProperties></Object>
<Object><Name>object_p.component_p.container_p.jcomponent_p.jtextcomponent_p.jtextfield_p.StatusLine</Name><Type>Class</Type><ImplementedInterfaces></ImplementedInterfaces><Parents><Parent>object_p.component_p.container_p.jcomponent_p.jtextcomponent_p.jtextfield_p.JTextField</Parent></Parents><Children></Children><UmlTargets></UmlTargets><ObjectProperties><Prop><PropName>NVI</PropName><ProValue>0.03314917</ProValue></Prop><Prop><PropName>NVS</PropName><ProValue>0.09944752</ProValue></Prop><Prop><PropName>Local G Count</PropName><ProValue>3</ProValue></Prop><Prop><PropName>DIT</PropName><ProValue>6</ProValue></Prop><Prop><PropName>Tag</PropName><ProValue>4</ProValue></Prop></ObjectProperties></Object>
<Object><Name>object_p.assert_p.testcase_p.VectorTest</Name><Type>Class</Type><ImplementedInterfaces></ImplementedInterfaces><Parents><Parent>object_p.assert_p.testcase_p.TestCase</Parent></Parents><Children></Children><UmlTargets></UmlTargets><ObjectProperties><Prop><PropName>NVI</PropName><ProValue>0.95454544</ProValue></Prop><Prop><PropName>NVS</PropName><ProValue>6.681818</ProValue></Prop><Prop><PropName>Local G Count</PropName><ProValue>7</ProValue></Prop><Prop><PropName>DIT</PropName><ProValue>3</ProValue></Prop><Prop><PropName>Tag</PropName><ProValue>3</ProValue></Prop></ObjectProperties></Object>
<Object><Name>object_p.TestHierarchyRunView</Name><Type>Class</Type><ImplementedInterfaces><Interface>TestRunView</Interface></ImplementedInterfaces><Parents><Parent>Object</Parent></Parents><Children></Children><UmlTargets></UmlTargets><ObjectProperties><Prop><PropName>NVI</PropName><ProValue>0.6363636</ProValue></Prop><Prop><PropName>NVS</PropName><ProValue>4.4545455</ProValue></Prop><Prop><PropName>Local G Count</PropName><ProValue>7</ProValue></Prop><Prop><PropName>DIT</PropName><ProValue>1</ProValue></Prop><Prop><PropName>Tag</PropName><ProValue>4</ProValue></Prop></ObjectProperties></Object>
<Object><Name>object_p.assert_p.Assert</Name><Type>Class</Type><ImplementedInterfaces></ImplementedInterfaces><Parents><Parent>Object</Parent></Parents><Children><Child>object_p.assert_p.testcase_p.TestCase</Child><Child>object_p.assert_p.testdecorator_p.TestDecorator</Child><Child>object_p.assert_p.ClassLoaderTest</Child><Child>object_p.assert_p.LoadedFromJar</Child></Children><UmlTargets></UmlTargets><ObjectProperties><Prop><PropName>NVI</PropName><ProValue>0.0</ProValue></Prop><Prop><PropName>NVS</PropName><ProValue>0.0</ProValue></Prop><Prop><PropName>Local G Count</PropName><ProValue>0</ProValue></Prop><Prop><PropName>DIT</PropName><ProValue>1</ProValue></Prop><Prop><PropName>Tag</PropName><ProValue>2</ProValue></Prop></ObjectProperties></Object>
<Object><Name>object_p.component_p.container_p.jcomponent_p.jpanel_p.TestSuitePanel</Name><Type>Class</Type><ImplementedInterfaces><Interface>TestListener</Interface></ImplementedInterfaces><Parents><Parent>object_p.component_p.container_p.jcomponent_p.jpanel_p.JPanel</Parent></Parents><Children></Children><UmlTargets></UmlTargets><ObjectProperties><Prop><PropName>NVI</PropName><ProValue>0.07692308</ProValue></Prop><Prop><PropName>NVS</PropName><ProValue>0.53846157</ProValue></Prop><Prop><PropName>Local G Count</PropName><ProValue>7</ProValue></Prop><Prop><PropName>DIT</PropName><ProValue>5</ProValue></Prop><Prop><PropName>Tag</PropName><ProValue>4</ProValue></Prop></ObjectProperties></Object>
<Object><Name>object_p.basetestrunner_p.testrunner_p.TestRunner_2</Name><Type>Class</Type><ImplementedInterfaces></ImplementedInterfaces><Parents><Parent>object_p.basetestrunner_p.testrunner_p.TestRunner_3</Parent></Parents><Children></Children><UmlTargets></UmlTargets><ObjectProperties><Prop><PropName>NVI</PropName><ProValue>0.0</ProValue></Prop><Prop><PropName>NVS</PropName><ProValue>0.0</ProValue></Prop><Prop><PropName>Local G Count</PropName><ProValue>0</ProValue></Prop><Prop><PropName>DIT</PropName><ProValue>3</ProValue></Prop><Prop><PropName>Tag</PropName><ProValue>2</ProValue></Prop></ObjectProperties></Object>
<Object><Name>object_p.component_p.container_p.jcomponent_p.jlabel_p.defaultlistcellrenderer_p.TestSelector$TestCellRenderer</Name><Type>Class</Type><ImplementedInterfaces></ImplementedInterfaces><Parents><Parent>object_p.component_p.container_p.jcomponent_p.jlabel_p.defaultlistcellrenderer_p.DefaultListCellRenderer</Parent></Parents><Children></Children><UmlTargets></UmlTargets><ObjectProperties><Prop><PropName>NVI</PropName><ProValue>0.012474013</ProValue></Prop><Prop><PropName>NVS</PropName><ProValue>0.012474013</ProValue></Prop><Prop><PropName>Local G Count</PropName><ProValue>1</ProValue></Prop><Prop><PropName>DIT</PropName><ProValue>6</ProValue></Prop><Prop><PropName>Tag</PropName><ProValue>0</ProValue></Prop></ObjectProperties></Object>
<Object><Name>object_p.DefaultFailureDetailView</Name><Type>Class</Type><ImplementedInterfaces><Interface>FailureDetailView</Interface></ImplementedInterfaces><Parents><Parent>Object</Parent></Parents><Children></Children><UmlTargets></UmlTargets><ObjectProperties><Prop><PropName>NVI</PropName><ProValue>0.27272728</ProValue></Prop><Prop><PropName>NVS</PropName><ProValue>0.8181819</ProValue></Prop><Prop><PropName>Local G Count</PropName><ProValue>3</ProValue></Prop><Prop><PropName>DIT</PropName><ProValue>1</ProValue></Prop><Prop><PropName>Tag</PropName><ProValue>4</ProValue></Prop></ObjectProperties></Object>
<Object><Name>object_p.classloader_p.TestCaseClassLoader</Name><Type>Class</Type><ImplementedInterfaces></ImplementedInterfaces><Parents><Parent>object_p.classloader_p.ClassLoader</Parent></Parents><Children></Children><UmlTargets></UmlTargets><ObjectProperties><Prop><PropName>NVI</PropName><ProValue>0.25641027</ProValue></Prop><Prop><PropName>NVS</PropName><ProValue>1.2820513</ProValue></Prop><Prop><PropName>Local G Count</PropName><ProValue>5</ProValue></Prop><Prop><PropName>DIT</PropName><ProValue>2</ProValue></Prop><Prop><PropName>Tag</PropName><ProValue>1</ProValue></Prop></ObjectProperties></Object>
<Object><Name>object_p.component_p.container_p.jcomponent_p.jlabel_p.defaulttreecellrenderer_p.TestSuitePanel$TestTreeCellRenderer</Name><Type>Class</Type><ImplementedInterfaces></ImplementedInterfaces><Parents><Parent>object_p.component_p.container_p.jcomponent_p.jlabel_p.defaulttreecellrenderer_p.DefaultTreeCellRenderer</Parent></Parents><Children></Children><UmlTargets></UmlTargets><ObjectProperties><Prop><PropName>NVI</PropName><ProValue>0.036</ProValue></Prop><Prop><PropName>NVS</PropName><ProValue>0.107999995</ProValue></Prop><Prop><PropName>Local G Count</PropName><ProValue>3</ProValue></Prop><Prop><PropName>DIT</PropName><ProValue>6</ProValue></Prop><Prop><PropName>Tag</PropName><ProValue>3</ProValue></Prop></ObjectProperties></Object>
<Object><Name>object_p.classpathtestcollector_p.SimpleTestCollector</Name><Type>Class</Type><ImplementedInterfaces></ImplementedInterfaces><Parents><Parent>object_p.classpathtestcollector_p.ClassPathTestCollector</Parent></Parents><Children></Children><UmlTargets></UmlTargets><ObjectProperties><Prop><PropName>NVI</PropName><ProValue>0.11764706</ProValue></Prop><Prop><PropName>NVS</PropName><ProValue>0.11764706</ProValue></Prop><Prop><PropName>Local G Count</PropName><ProValue>1</ProValue></Prop><Prop><PropName>DIT</PropName><ProValue>2</ProValue></Prop><Prop><PropName>Tag</PropName><ProValue>0</ProValue></Prop></ObjectProperties></Object>
<Object><Name>object_p.assert_p.testcase_p.MoneyTest</Name><Type>Class</Type><ImplementedInterfaces></ImplementedInterfaces><Parents><Parent>object_p.assert_p.testcase_p.TestCase</Parent></Parents><Children></Children><UmlTargets></UmlTargets><ObjectProperties><Prop><PropName>NVI</PropName><ProValue>3.0</ProValue></Prop><Prop><PropName>NVS</PropName><ProValue>66.0</ProValue></Prop><Prop><PropName>Local G Count</PropName><ProValue>22</ProValue></Prop><Prop><PropName>DIT</PropName><ProValue>3</ProValue></Prop><Prop><PropName>Tag</PropName><ProValue>3</ProValue></Prop></ObjectProperties></Object>
<Object><Name>object_p.AllTests_1</Name><Type>Class</Type><ImplementedInterfaces></ImplementedInterfaces><Parents><Parent>Object</Parent></Parents><Children></Children><UmlTargets></UmlTargets><ObjectProperties><Prop><PropName>NVI</PropName><ProValue>0.0</ProValue></Prop><Prop><PropName>NVS</PropName><ProValue>0.0</ProValue></Prop><Prop><PropName>Local G Count</PropName><ProValue>0</ProValue></Prop><Prop><PropName>DIT</PropName><ProValue>1</ProValue></Prop><Prop><PropName>Tag</PropName><ProValue>2</ProValue></Prop></ObjectProperties></Object>
<Object><Name>object_p.component_p.container_p.window_p.dialog_p.AboutDialog_1</Name><Type>Class</Type><ImplementedInterfaces></ImplementedInterfaces><Parents><Parent>object_p.component_p.container_p.window_p.dialog_p.Dialog</Parent></Parents><Children></Children><UmlTargets></UmlTargets><ObjectProperties><Prop><PropName>NVI</PropName><ProValue>0.0</ProValue></Prop><Prop><PropName>NVS</PropName><ProValue>0.0</ProValue></Prop><Prop><PropName>Local G Count</PropName><ProValue>0</ProValue></Prop><Prop><PropName>DIT</PropName><ProValue>5</ProValue></Prop><Prop><PropName>Tag</PropName><ProValue>2</ProValue></Prop></ObjectProperties></Object>
<Object><Name>object_p.assert_p.testcase_p.TestCaseClassLoaderTest</Name><Type>Class</Type><ImplementedInterfaces></ImplementedInterfaces><Parents><Parent>object_p.assert_p.testcase_p.TestCase</Parent></Parents><Children></Children><UmlTargets></UmlTargets><ObjectProperties><Prop><PropName>NVI</PropName><ProValue>0.27272728</ProValue></Prop><Prop><PropName>NVS</PropName><ProValue>0.54545456</ProValue></Prop><Prop><PropName>Local G Count</PropName><ProValue>2</ProValue></Prop><Prop><PropName>DIT</PropName><ProValue>3</ProValue></Prop><Prop><PropName>Tag</PropName><ProValue>4</ProValue></Prop></ObjectProperties></Object>
<Object><Name>object_p.assert_p.testcase_p.ExceptionTestCaseTest</Name><Type>Class</Type><ImplementedInterfaces></ImplementedInterfaces><Parents><Parent>object_p.assert_p.testcase_p.TestCase</Parent></Parents><Children></Children><UmlTargets></UmlTargets><ObjectProperties><Prop><PropName>NVI</PropName><ProValue>0.6818182</ProValue></Prop><Prop><PropName>NVS</PropName><ProValue>3.409091</ProValue></Prop><Prop><PropName>Local G Count</PropName><ProValue>5</ProValue></Prop><Prop><PropName>DIT</PropName><ProValue>3</ProValue></Prop><Prop><PropName>Tag</PropName><ProValue>4</ProValue></Prop></ObjectProperties></Object>
<Object><Name>object_p.basetestrunner_p.testrunner_p.TestRunner_3</Name><Type>Class</Type><ImplementedInterfaces></ImplementedInterfaces><Parents><Parent>object_p.basetestrunner_p.BaseTestRunner</Parent></Parents><Children><Child>object_p.basetestrunner_p.testrunner_p.TestRunner_2</Child></Children><UmlTargets></UmlTargets><ObjectProperties><Prop><PropName>NVI</PropName><ProValue>1.52</ProValue></Prop><Prop><PropName>NVS</PropName><ProValue>28.88</ProValue></Prop><Prop><PropName>Local G Count</PropName><ProValue>19</ProValue></Prop><Prop><PropName>DIT</PropName><ProValue>2</ProValue></Prop><Prop><PropName>Tag</PropName><ProValue>3</ProValue></Prop></ObjectProperties></Object>
<Object><Name>object_p.assert_p.testdecorator_p.TestDecorator</Name><Type>Class</Type><ImplementedInterfaces><Interface>Test</Interface></ImplementedInterfaces><Parents><Parent>object_p.assert_p.Assert</Parent></Parents><Children><Child>object_p.assert_p.testdecorator_p.testsetup_p.TestSetup</Child><Child>object_p.assert_p.testdecorator_p.RepeatedTest</Child></Children><UmlTargets></UmlTargets><ObjectProperties><Prop><PropName>NVI</PropName><ProValue>0.90909094</ProValue></Prop><Prop><PropName>NVS</PropName><ProValue>4.5454545</ProValue></Prop><Prop><PropName>Local G Count</PropName><ProValue>5</ProValue></Prop><Prop><PropName>DIT</PropName><ProValue>2</ProValue></Prop><Prop><PropName>Tag</PropName><ProValue>3</ProValue></Prop></ObjectProperties></Object>
<Object><Name>object_p.TestSelector$ParallelSwapper</Name><Type>Class</Type><ImplementedInterfaces><Interface>Sorter$Swapper</Interface></ImplementedInterfaces><Parents><Parent>Object</Parent></Parents><Children></Children><UmlTargets></UmlTargets><ObjectProperties><Prop><PropName>NVI</PropName><ProValue>0.09090909</ProValue></Prop><Prop><PropName>NVS</PropName><ProValue>0.09090909</ProValue></Prop><Prop><PropName>Local G Count</PropName><ProValue>1</ProValue></Prop><Prop><PropName>DIT</PropName><ProValue>1</ProValue></Prop><Prop><PropName>Tag</PropName><ProValue>4</ProValue></Prop></ObjectProperties></Object>
<Object><Name>object_p.assert_p.ClassLoaderTest</Name><Type>Class</Type><ImplementedInterfaces></ImplementedInterfaces><Parents><Parent>object_p.assert_p.Assert</Parent></Parents><Children></Children><UmlTargets></UmlTargets><ObjectProperties><Prop><PropName>NVI</PropName><ProValue>0.18181819</ProValue></Prop><Prop><PropName>NVS</PropName><ProValue>0.18181819</ProValue></Prop><Prop><PropName>Local G Count</PropName><ProValue>1</ProValue></Prop><Prop><PropName>DIT</PropName><ProValue>2</ProValue></Prop><Prop><PropName>Tag</PropName><ProValue>4</ProValue></Prop></ObjectProperties></Object>
<Object><Name>object_p.assert_p.testcase_p.ExtensionTest</Name><Type>Class</Type><ImplementedInterfaces></ImplementedInterfaces><Parents><Parent>object_p.assert_p.testcase_p.TestCase</Parent></Parents><Children></Children><UmlTargets></UmlTargets><ObjectProperties><Prop><PropName>NVI</PropName><ProValue>0.54545456</ProValue></Prop><Prop><PropName>NVS</PropName><ProValue>2.1818182</ProValue></Prop><Prop><PropName>Local G Count</PropName><ProValue>4</ProValue></Prop><Prop><PropName>DIT</PropName><ProValue>3</ProValue></Prop><Prop><PropName>Tag</PropName><ProValue>4</ProValue></Prop></ObjectProperties></Object>
<Object><Name>object_p.assert_p.testcase_p.exceptiontestcase_p.ExceptionTestCaseTest$ThrowNoExceptionTestCase</Name><Type>Class</Type><ImplementedInterfaces></ImplementedInterfaces><Parents><Parent>object_p.assert_p.testcase_p.exceptiontestcase_p.ExceptionTestCase</Parent></Parents><Children></Children><UmlTargets></UmlTargets><ObjectProperties><Prop><PropName>NVI</PropName><ProValue>0.18181819</ProValue></Prop><Prop><PropName>NVS</PropName><ProValue>0.18181819</ProValue></Prop><Prop><PropName>Local G Count</PropName><ProValue>1</ProValue></Prop><Prop><PropName>DIT</PropName><ProValue>4</ProValue></Prop><Prop><PropName>Tag</PropName><ProValue>4</ProValue></Prop></ObjectProperties></Object>
<Object><Name>object_p.assert_p.testcase_p.testcasetest$torndown_p.TestCaseTest$TornDown</Name><Type>Class</Type><ImplementedInterfaces></ImplementedInterfaces><Parents><Parent>object_p.assert_p.testcase_p.TestCase</Parent></Parents><Children><Child>object_p.assert_p.testcase_p.testcasetest$torndown_p.TestCaseTest$7</Child><Child>object_p.assert_p.testcase_p.testcasetest$torndown_p.TestCaseTest$2</Child></Children><UmlTargets></UmlTargets><ObjectProperties><Prop><PropName>NVI</PropName><ProValue>0.27272728</ProValue></Prop><Prop><PropName>NVS</PropName><ProValue>0.54545456</ProValue></Prop><Prop><PropName>Local G Count</PropName><ProValue>2</ProValue></Prop><Prop><PropName>DIT</PropName><ProValue>3</ProValue></Prop><Prop><PropName>Tag</PropName><ProValue>0</ProValue></Prop></ObjectProperties></Object>
<Object><Name>object_p.assert_p.testdecorator_p.testsetup_p.extensiontest$torndown_p.ExtensionTest$TornDown</Name><Type>Class</Type><ImplementedInterfaces></ImplementedInterfaces><Parents><Parent>object_p.assert_p.testdecorator_p.testsetup_p.TestSetup</Parent></Parents><Children><Child>object_p.assert_p.testdecorator_p.testsetup_p.extensiontest$torndown_p.ExtensionTest$4</Child></Children><UmlTargets></UmlTargets><ObjectProperties><Prop><PropName>NVI</PropName><ProValue>0.23529412</ProValue></Prop><Prop><PropName>NVS</PropName><ProValue>0.23529412</ProValue></Prop><Prop><PropName>Local G Count</PropName><ProValue>1</ProValue></Prop><Prop><PropName>DIT</PropName><ProValue>4</ProValue></Prop><Prop><PropName>Tag</PropName><ProValue>0</ProValue></Prop></ObjectProperties></Object>
<Object><Name>object_p.ReloadingTestSuiteLoader</Name><Type>Class</Type><ImplementedInterfaces><Interface>TestSuiteLoader</Interface></ImplementedInterfaces><Parents><Parent>Object</Parent></Parents><Children></Children><UmlTargets></UmlTargets><ObjectProperties><Prop><PropName>NVI</PropName><ProValue>0.18181819</ProValue></Prop><Prop><PropName>NVS</PropName><ProValue>0.36363637</ProValue></Prop><Prop><PropName>Local G Count</PropName><ProValue>2</ProValue></Prop><Prop><PropName>DIT</PropName><ProValue>1</ProValue></Prop><Prop><PropName>Tag</PropName><ProValue>4</ProValue></Prop></ObjectProperties></Object>
<Object><Name>object_p.assert_p.testcase_p.TextRunnerTest</Name><Type>Class</Type><ImplementedInterfaces></ImplementedInterfaces><Parents><Parent>object_p.assert_p.testcase_p.TestCase</Parent></Parents><Children></Children><UmlTargets></UmlTargets><ObjectProperties><Prop><PropName>NVI</PropName><ProValue>0.54545456</ProValue></Prop><Prop><PropName>NVS</PropName><ProValue>2.1818182</ProValue></Prop><Prop><PropName>Local G Count</PropName><ProValue>4</ProValue></Prop><Prop><PropName>DIT</PropName><ProValue>3</ProValue></Prop><Prop><PropName>Tag</PropName><ProValue>4</ProValue></Prop></ObjectProperties></Object>
<Object><Name>object_p.StandardTestSuiteLoader</Name><Type>Class</Type><ImplementedInterfaces><Interface>TestSuiteLoader</Interface></ImplementedInterfaces><Parents><Parent>Object</Parent></Parents><Children></Children><UmlTargets></UmlTargets><ObjectProperties><Prop><PropName>NVI</PropName><ProValue>0.18181819</ProValue></Prop><Prop><PropName>NVS</PropName><ProValue>0.36363637</ProValue></Prop><Prop><PropName>Local G Count</PropName><ProValue>2</ProValue></Prop><Prop><PropName>DIT</PropName><ProValue>1</ProValue></Prop><Prop><PropName>Tag</PropName><ProValue>4</ProValue></Prop></ObjectProperties></Object>
<Object><Name>object_p.basetestrunner_p.BaseTestRunner</Name><Type>Class</Type><ImplementedInterfaces><Interface>TestListener</Interface></ImplementedInterfaces><Parents><Parent>Object</Parent></Parents><Children><Child>object_p.basetestrunner_p.testrunner_p.TestRunner_3</Child><Child>object_p.basetestrunner_p.TestRunner</Child><Child>object_p.basetestrunner_p.TestRunner_1</Child></Children><UmlTargets></UmlTargets><ObjectProperties><Prop><PropName>NVI</PropName><ProValue>1.2727273</ProValue></Prop><Prop><PropName>NVS</PropName><ProValue>17.818182</ProValue></Prop><Prop><PropName>Local G Count</PropName><ProValue>14</ProValue></Prop><Prop><PropName>DIT</PropName><ProValue>1</ProValue></Prop><Prop><PropName>Tag</PropName><ProValue>4</ProValue></Prop></ObjectProperties></Object>
<Object><Name>object_p.assert_p.testcase_p.StackFilterTest</Name><Type>Class</Type><ImplementedInterfaces></ImplementedInterfaces><Parents><Parent>object_p.assert_p.testcase_p.TestCase</Parent></Parents><Children></Children><UmlTargets></UmlTargets><ObjectProperties><Prop><PropName>NVI</PropName><ProValue>0.27272728</ProValue></Prop><Prop><PropName>NVS</PropName><ProValue>0.54545456</ProValue></Prop><Prop><PropName>Local G Count</PropName><ProValue>2</ProValue></Prop><Prop><PropName>DIT</PropName><ProValue>3</ProValue></Prop><Prop><PropName>Tag</PropName><ProValue>1</ProValue></Prop></ObjectProperties></Object>
<Object><Name>object_p.assert_p.testcase_p.exceptiontestcase_p.ExceptionTestCaseTest$ThrowExceptionTestCase</Name><Type>Class</Type><ImplementedInterfaces></ImplementedInterfaces><Parents><Parent>object_p.assert_p.testcase_p.exceptiontestcase_p.ExceptionTestCase</Parent></Parents><Children></Children><UmlTargets></UmlTargets><ObjectProperties><Prop><PropName>NVI</PropName><ProValue>0.18181819</ProValue></Prop><Prop><PropName>NVS</PropName><ProValue>0.18181819</ProValue></Prop><Prop><PropName>Local G Count</PropName><ProValue>1</ProValue></Prop><Prop><PropName>DIT</PropName><ProValue>4</ProValue></Prop><Prop><PropName>Tag</PropName><ProValue>4</ProValue></Prop></ObjectProperties></Object>
<Object><Name>object_p.MoneyBag</Name><Type>Class</Type><ImplementedInterfaces><Interface>IMoney</Interface></ImplementedInterfaces><Parents><Parent>Object</Parent></Parents><Children></Children><UmlTargets></UmlTargets><ObjectProperties><Prop><PropName>NVI</PropName><ProValue>0.90909094</ProValue></Prop><Prop><PropName>NVS</PropName><ProValue>9.090909</ProValue></Prop><Prop><PropName>Local G Count</PropName><ProValue>10</ProValue></Prop><Prop><PropName>DIT</PropName><ProValue>1</ProValue></Prop><Prop><PropName>Tag</PropName><ProValue>3</ProValue></Prop></ObjectProperties></Object>
<Object><Name>object_p.assert_p.testcase_p.WasRun</Name><Type>Class</Type><ImplementedInterfaces></ImplementedInterfaces><Parents><Parent>object_p.assert_p.testcase_p.TestCase</Parent></Parents><Children></Children><UmlTargets></UmlTargets><ObjectProperties><Prop><PropName>NVI</PropName><ProValue>0.13636364</ProValue></Prop><Prop><PropName>NVS</PropName><ProValue>0.13636364</ProValue></Prop><Prop><PropName>Local G Count</PropName><ProValue>1</ProValue></Prop><Prop><PropName>DIT</PropName><ProValue>3</ProValue></Prop><Prop><PropName>Tag</PropName><ProValue>0</ProValue></Prop></ObjectProperties></Object>
<Object><Name>object_p.assert_p.testdecorator_p.testsetup_p.TestSetup</Name><Type>Class</Type><ImplementedInterfaces></ImplementedInterfaces><Parents><Parent>object_p.assert_p.testdecorator_p.TestDecorator</Parent></Parents><Children><Child>object_p.assert_p.testdecorator_p.testsetup_p.ExtensionTest$5</Child><Child>object_p.assert_p.testdecorator_p.testsetup_p.extensiontest$torndown_p.ExtensionTest$TornDown</Child></Children><UmlTargets></UmlTargets><ObjectProperties><Prop><PropName>NVI</PropName><ProValue>0.6</ProValue></Prop><Prop><PropName>NVS</PropName><ProValue>1.8000001</ProValue></Prop><Prop><PropName>Local G Count</PropName><ProValue>3</ProValue></Prop><Prop><PropName>DIT</PropName><ProValue>3</ProValue></Prop><Prop><PropName>Tag</PropName><ProValue>3</ProValue></Prop></ObjectProperties></Object>
<Object><Name>object_p.TestResult</Name><Type>Class</Type><ImplementedInterfaces></ImplementedInterfaces><Parents><Parent>Object</Parent></Parents><Children></Children><UmlTargets></UmlTargets><ObjectProperties><Prop><PropName>NVI</PropName><ProValue>1.7272727</ProValue></Prop><Prop><PropName>NVS</PropName><ProValue>32.818184</ProValue></Prop><Prop><PropName>Local G Count</PropName><ProValue>19</ProValue></Prop><Prop><PropName>DIT</PropName><ProValue>1</ProValue></Prop><Prop><PropName>Tag</PropName><ProValue>4</ProValue></Prop></ObjectProperties></Object>
<Object><Name>object_p.assert_p.testcase_p.SimpleTest</Name><Type>Class</Type><ImplementedInterfaces></ImplementedInterfaces><Parents><Parent>object_p.assert_p.testcase_p.TestCase</Parent></Parents><Children></Children><UmlTargets></UmlTargets><ObjectProperties><Prop><PropName>NVI</PropName><ProValue>0.54545456</ProValue></Prop><Prop><PropName>NVS</PropName><ProValue>2.1818182</ProValue></Prop><Prop><PropName>Local G Count</PropName><ProValue>4</ProValue></Prop><Prop><PropName>DIT</PropName><ProValue>3</ProValue></Prop><Prop><PropName>Tag</PropName><ProValue>3</ProValue></Prop></ObjectProperties></Object>
<Object><Name>object_p.assert_p.testcase_p.NotPublicTestCase</Name><Type>Class</Type><ImplementedInterfaces></ImplementedInterfaces><Parents><Parent>object_p.assert_p.testcase_p.TestCase</Parent></Parents><Children></Children><UmlTargets></UmlTargets><ObjectProperties><Prop><PropName>NVI</PropName><ProValue>0.27272728</ProValue></Prop><Prop><PropName>NVS</PropName><ProValue>0.54545456</ProValue></Prop><Prop><PropName>Local G Count</PropName><ProValue>2</ProValue></Prop><Prop><PropName>DIT</PropName><ProValue>3</ProValue></Prop><Prop><PropName>Tag</PropName><ProValue>4</ProValue></Prop></ObjectProperties></Object>
<Object><Name>object_p.assert_p.testcase_p.Failure</Name><Type>Class</Type><ImplementedInterfaces></ImplementedInterfaces><Parents><Parent>object_p.assert_p.testcase_p.TestCase</Parent></Parents><Children></Children><UmlTargets></UmlTargets><ObjectProperties><Prop><PropName>NVI</PropName><ProValue>0.13636364</ProValue></Prop><Prop><PropName>NVS</PropName><ProValue>0.13636364</ProValue></Prop><Prop><PropName>Local G Count</PropName><ProValue>1</ProValue></Prop><Prop><PropName>DIT</PropName><ProValue>3</ProValue></Prop><Prop><PropName>Tag</PropName><ProValue>4</ProValue></Prop></ObjectProperties></Object>
<Object><Name>object_p.throwable_p.error_p.AssertionFailedError</Name><Type>Class</Type><ImplementedInterfaces></ImplementedInterfaces><Parents><Parent>object_p.throwable_p.error_p.Error</Parent></Parents><Children></Children><UmlTargets></UmlTargets><ObjectProperties><Prop><PropName>NVI</PropName><ProValue>0.0</ProValue></Prop><Prop><PropName>NVS</PropName><ProValue>0.0</ProValue></Prop><Prop><PropName>Local G Count</PropName><ProValue>0</ProValue></Prop><Prop><PropName>DIT</PropName><ProValue>3</ProValue></Prop><Prop><PropName>Tag</PropName><ProValue>2</ProValue></Prop></ObjectProperties></Object>
<Object><Name>object_p.TestImplementorTest$DoubleTestCase</Name><Type>Class</Type><ImplementedInterfaces><Interface>Test</Interface></ImplementedInterfaces><Parents><Parent>Object</Parent></Parents><Children></Children><UmlTargets></UmlTargets><ObjectProperties><Prop><PropName>NVI</PropName><ProValue>0.18181819</ProValue></Prop><Prop><PropName>NVS</PropName><ProValue>0.36363637</ProValue></Prop><Prop><PropName>Local G Count</PropName><ProValue>2</ProValue></Prop><Prop><PropName>DIT</PropName><ProValue>1</ProValue></Prop><Prop><PropName>Tag</PropName><ProValue>4</ProValue></Prop></ObjectProperties></Object>
<Object><Name>object_p.component_p.container_p.jcomponent_p.jpanel_p.ProgressBar_1</Name><Type>Class</Type><ImplementedInterfaces></ImplementedInterfaces><Parents><Parent>object_p.component_p.container_p.jcomponent_p.jpanel_p.JPanel</Parent></Parents><Children></Children><UmlTargets></UmlTargets><ObjectProperties><Prop><PropName>NVI</PropName><ProValue>0.08791209</ProValue></Prop><Prop><PropName>NVS</PropName><ProValue>0.7032967</ProValue></Prop><Prop><PropName>Local G Count</PropName><ProValue>8</ProValue></Prop><Prop><PropName>DIT</PropName><ProValue>5</ProValue></Prop><Prop><PropName>Tag</PropName><ProValue>3</ProValue></Prop></ObjectProperties></Object>
<Object><Name>object_p.keyadapter_p.TestSelector$KeySelectListener</Name><Type>Class</Type><ImplementedInterfaces></ImplementedInterfaces><Parents><Parent>object_p.keyadapter_p.KeyAdapter</Parent></Parents><Children></Children><UmlTargets></UmlTargets><ObjectProperties><Prop><PropName>NVI</PropName><ProValue>0.14285715</ProValue></Prop><Prop><PropName>NVS</PropName><ProValue>0.14285715</ProValue></Prop><Prop><PropName>Local G Count</PropName><ProValue>1</ProValue></Prop><Prop><PropName>DIT</PropName><ProValue>2</ProValue></Prop><Prop><PropName>Tag</PropName><ProValue>0</ProValue></Prop></ObjectProperties></Object>
<Object><Name>object_p.assert_p.testcase_p.onetestcase_p.InheritedTestCase</Name><Type>Class</Type><ImplementedInterfaces></ImplementedInterfaces><Parents><Parent>object_p.assert_p.testcase_p.onetestcase_p.OneTestCase</Parent></Parents><Children></Children><UmlTargets></UmlTargets><ObjectProperties><Prop><PropName>NVI</PropName><ProValue>0.16</ProValue></Prop><Prop><PropName>NVS</PropName><ProValue>0.16</ProValue></Prop><Prop><PropName>Local G Count</PropName><ProValue>1</ProValue></Prop><Prop><PropName>DIT</PropName><ProValue>4</ProValue></Prop><Prop><PropName>Tag</PropName><ProValue>4</ProValue></Prop></ObjectProperties></Object>
</Objects>
</DssDocument>
